<?xml version="1.0" encoding="UTF-8"?><testsuite errors="0" failures="2" name="org.example.features.search.SearchByKeywordStory" skipped="1" tests="3" time="0.81" timestamp="2025-04-25 06:58:17"><testcase classname="org.example.features.search.SearchByKeywordStory" name="Searching by keyword banana should display the corresponding article"><failure message="Invalid URL: www.cs.ubbcluj.ro" type="java.lang.AssertionError">Invalid URL: www.cs.ubbcluj.ro</failure><system-err>Invalid URL: www.cs.ubbcluj.ro&#13;
org.example.steps.serenity.EndUserSteps.is_the_home_page(EndUserSteps.java:32)&#13;
org.example.features.search.SearchByKeywordStory.searching_by_keyword_banana_should_display_the_corresponding_article(SearchByKeywordStory.java:35)&#13;
</system-err></testcase><testcase classname="org.example.features.search.SearchByKeywordStory" name="Searching by ambiguious keyword should display the disambiguation page"><skipped/></testcase><testcase classname="org.example.features.search.SearchByKeywordStory" name="Searching by keyword apple should display the corresponding article"><failure message="Invalid URL: www.cs.ubbcluj.ro" type="java.lang.AssertionError">Invalid URL: www.cs.ubbcluj.ro</failure><system-err>Invalid URL: www.cs.ubbcluj.ro&#13;
org.example.steps.serenity.EndUserSteps.is_the_home_page(EndUserSteps.java:32)&#13;
org.example.features.search.SearchByKeywordStory.searching_by_keyword_apple_should_display_the_corresponding_article(SearchByKeywordStory.java:27)&#13;
</system-err></testcase></testsuite>